<?xml version="1.0" encoding="UTF-8"?>
<!-- Generated by org.testng.reporters.JUnitXMLReporter -->
<testsuite hostname="DESKTOP-2H134C0" ignored="0" tests="6" failures="0" timestamp="2021-12-20T13:37:15 EST" time="19.134" errors="0">
  <testcase name="logoTest" time="5.083" classname="C_use_of_method"/>
  <testcase name="signInTest" time="0.024" classname="C_use_of_method"/>
  <testcase name="titleTest" time="0.014" classname="C_use_of_method"/>
  <testcase name="getCurrentUrl" time="0.008" classname="C_use_of_method"/>
  <testcase name="sendKeysMethod" time="3.062" classname="C_use_of_method"/>
  <testcase name="getTextMethod" time="1.882" classname="C_use_of_method"/>
</testsuite>
