<?xml version="1.0" encoding="UTF-8"?>
<!-- Generated by org.testng.reporters.JUnitXMLReporter -->
<testsuite hostname="DESKTOP-2H134C0" ignored="1" tests="4" failures="0" timestamp="2021-12-22T17:37:26 EST" time="51.325" errors="0">
  <testcase name="maximizeWindowTest" time="1.436" classname="Use_Of_manage"/>
  <testcase name="sizeOfWindowTest" time="12.814" classname="Use_Of_manage"/>
  <testcase name="deleteAllCookies" time="6.898" classname="Use_Of_manage"/>
  <testcase name="setSpecsificSizeOfWindow" time="17.985" classname="Use_Of_manage"/>
  <testcase name="fullScreenWindowTest" time="0.0" classname="Use_Of_manage">
    <ignored/>
  </testcase> <!-- fullScreenWindowTest -->
</testsuite>
