<?xml version="1.0" encoding="UTF-8"?>
<testng-results skipped="0" failed="0" ignored="0" total="6" passed="6">
  <reporter-output>
  </reporter-output>
  <suite name="Default suite" duration-ms="19134" started-at="2021-12-20T13:36:56 EST" finished-at="2021-12-20T13:37:15 EST">
    <groups>
    </groups>
    <test name="Default test" duration-ms="19134" started-at="2021-12-20T13:36:56 EST" finished-at="2021-12-20T13:37:15 EST">
      <class name="C_use_of_method">
        <test-method status="PASS" signature="setup()[pri:0, instance:C_use_of_method@6a1aab78]" name="setup" is-config="true" duration-ms="8311" started-at="2021-12-20T13:36:56 EST" finished-at="2021-12-20T13:37:04 EST">
          <reporter-output>
          </reporter-output>
        </test-method> <!-- setup -->
        <test-method status="PASS" signature="logoTest()[pri:1, instance:C_use_of_method@6a1aab78]" name="logoTest" duration-ms="5083" started-at="2021-12-20T13:37:05 EST" finished-at="2021-12-20T13:37:10 EST">
          <reporter-output>
          </reporter-output>
        </test-method> <!-- logoTest -->
        <test-method status="PASS" signature="signInTest()[pri:2, instance:C_use_of_method@6a1aab78]" name="signInTest" duration-ms="24" started-at="2021-12-20T13:37:10 EST" finished-at="2021-12-20T13:37:10 EST">
          <reporter-output>
          </reporter-output>
        </test-method> <!-- signInTest -->
        <test-method status="PASS" signature="titleTest()[pri:3, instance:C_use_of_method@6a1aab78]" name="titleTest" duration-ms="14" started-at="2021-12-20T13:37:10 EST" finished-at="2021-12-20T13:37:10 EST">
          <reporter-output>
          </reporter-output>
        </test-method> <!-- titleTest -->
        <test-method status="PASS" signature="getCurrentUrl()[pri:4, instance:C_use_of_method@6a1aab78]" name="getCurrentUrl" duration-ms="8" started-at="2021-12-20T13:37:10 EST" finished-at="2021-12-20T13:37:10 EST">
          <reporter-output>
          </reporter-output>
        </test-method> <!-- getCurrentUrl -->
        <test-method status="PASS" signature="sendKeysMethod()[pri:5, instance:C_use_of_method@6a1aab78]" name="sendKeysMethod" duration-ms="3062" started-at="2021-12-20T13:37:10 EST" finished-at="2021-12-20T13:37:13 EST">
          <reporter-output>
          </reporter-output>
        </test-method> <!-- sendKeysMethod -->
        <test-method status="PASS" signature="getTextMethod()[pri:6, instance:C_use_of_method@6a1aab78]" name="getTextMethod" duration-ms="1882" started-at="2021-12-20T13:37:13 EST" finished-at="2021-12-20T13:37:15 EST">
          <reporter-output>
          </reporter-output>
        </test-method> <!-- getTextMethod -->
        <test-method status="PASS" signature="tearUp()[pri:0, instance:C_use_of_method@6a1aab78]" name="tearUp" is-config="true" duration-ms="702" started-at="2021-12-20T13:37:15 EST" finished-at="2021-12-20T13:37:15 EST">
          <reporter-output>
          </reporter-output>
        </test-method> <!-- tearUp -->
      </class> <!-- C_use_of_method -->
    </test> <!-- Default test -->
  </suite> <!-- Default suite -->
</testng-results>
