<?xml version="1.0" encoding="UTF-8"?>
<testng-results skipped="0" failed="0" ignored="0" total="1" passed="1">
  <reporter-output>
  </reporter-output>
  <suite name="Default suite" duration-ms="18292" started-at="2021-12-17T18:17:58 EST" finished-at="2021-12-17T18:18:16 EST">
    <groups>
    </groups>
    <test name="Default test" duration-ms="18292" started-at="2021-12-17T18:17:58 EST" finished-at="2021-12-17T18:18:16 EST">
      <class name="A_use_of_get_Method">
        <test-method status="PASS" signature="setup()[pri:0, instance:A_use_of_get_Method@6a1aab78]" name="setup" is-config="true" duration-ms="16094" started-at="2021-12-17T18:17:58 EST" finished-at="2021-12-17T18:18:14 EST">
          <reporter-output>
          </reporter-output>
        </test-method> <!-- setup -->
        <test-method status="PASS" signature="loginButtonTest()[pri:0, instance:A_use_of_get_Method@6a1aab78]" name="loginButtonTest" duration-ms="1477" started-at="2021-12-17T18:18:14 EST" finished-at="2021-12-17T18:18:15 EST">
          <reporter-output>
          </reporter-output>
        </test-method> <!-- loginButtonTest -->
        <test-method status="PASS" signature="tearup()[pri:0, instance:A_use_of_get_Method@6a1aab78]" name="tearup" is-config="true" duration-ms="689" started-at="2021-12-17T18:18:15 EST" finished-at="2021-12-17T18:18:16 EST">
          <reporter-output>
          </reporter-output>
        </test-method> <!-- tearup -->
      </class> <!-- A_use_of_get_Method -->
    </test> <!-- Default test -->
  </suite> <!-- Default suite -->
</testng-results>
